<?xml version="1.0" encoding="UTF-8"?>
<!-- Generated by org.testng.reporters.JUnitReportReporter -->
<testsuite skipped="4" hostname="LAPTOP-JVNL5G83" name="E_Commerece.onLineShoppingProject.SignUpTest" tests="5" failures="0" timestamp="15 Jul 2020 15:34:24 GMT" time="1.921" errors="1">
  <testcase name="validateSignUpFormTest" time="0.000" classname="E_Commerece.onLineShoppingProject.SignUpTest">
    <skipped/>
  </testcase> <!-- validateSignUpFormTest -->
  <testcase name="validateSignUpFormTest" time="0.000" classname="E_Commerece.onLineShoppingProject.SignUpTest">
    <skipped/>
  </testcase> <!-- validateSignUpFormTest -->
  <testcase name="setup" time="1.921" classname="E_Commerece.onLineShoppingProject.SignUpTest">
    <error type="org.openqa.selenium.SessionNotCreatedException" message="session not created: This version of ChromeDriver only supports Chrome version 80
Build info: version: &#039;3.6.0&#039;, revision: &#039;6fbf3ec767&#039;, time: &#039;2017-09-27T15:28:36.4Z&#039;
System info: host: &#039;LAPTOP-JVNL5G83&#039;, ip: &#039;192.168.99.1&#039;, os.name: &#039;Windows 10&#039;, os.arch: &#039;amd64&#039;, os.version: &#039;10.0&#039;, java.version: &#039;1.8.0_151&#039;
Driver info: driver.version: ChromeDriver
remote stacktrace: Backtrace:
	Ordinal0 [0x004D0C83+1707139]
	Ordinal0 [0x004368F1+1075441]
	Ordinal0 [0x003ADFC9+516041]
	Ordinal0 [0x00340554+66900]
	Ordinal0 [0x0033CCE2+52450]
	Ordinal0 [0x0035BFD7+180183]
	Ordinal0 [0x0035BDDD+179677]
	Ordinal0 [0x00359D4B+171339]
	Ordinal0 [0x00341D4A+73034]
	Ordinal0 [0x00342DC0+77248]
	Ordinal0 [0x00342D59+77145]
	Ordinal0 [0x0044BB67+1162087]
	GetHandleVerifier [0x0056A966+508998]
	GetHandleVerifier [0x0056A6A4+508292]
	GetHandleVerifier [0x0057F7B7+594583]
	GetHandleVerifier [0x0056B1D6+511158]
	Ordinal0 [0x0044402C+1130540]
	Ordinal0 [0x0044D4CB+1168587]
	Ordinal0 [0x0044D633+1168947]
	Ordinal0 [0x00465B35+1268533]
	BaseThreadInitThunk [0x77216359+25]
	RtlGetAppContainerNamedObjectPath [0x77B17C24+228]
	RtlGetAppContainerNamedObjectPath [0x77B17BF4+180]
">
      <![CDATA[org.openqa.selenium.SessionNotCreatedException: session not created: This version of ChromeDriver only supports Chrome version 80
Build info: version: '3.6.0', revision: '6fbf3ec767', time: '2017-09-27T15:28:36.4Z'
System info: host: 'LAPTOP-JVNL5G83', ip: '192.168.99.1', os.name: 'Windows 10', os.arch: 'amd64', os.version: '10.0', java.version: '1.8.0_151'
Driver info: driver.version: ChromeDriver
remote stacktrace: Backtrace:
	Ordinal0 [0x004D0C83+1707139]
	Ordinal0 [0x004368F1+1075441]
	Ordinal0 [0x003ADFC9+516041]
	Ordinal0 [0x00340554+66900]
	Ordinal0 [0x0033CCE2+52450]
	Ordinal0 [0x0035BFD7+180183]
	Ordinal0 [0x0035BDDD+179677]
	Ordinal0 [0x00359D4B+171339]
	Ordinal0 [0x00341D4A+73034]
	Ordinal0 [0x00342DC0+77248]
	Ordinal0 [0x00342D59+77145]
	Ordinal0 [0x0044BB67+1162087]
	GetHandleVerifier [0x0056A966+508998]
	GetHandleVerifier [0x0056A6A4+508292]
	GetHandleVerifier [0x0057F7B7+594583]
	GetHandleVerifier [0x0056B1D6+511158]
	Ordinal0 [0x0044402C+1130540]
	Ordinal0 [0x0044D4CB+1168587]
	Ordinal0 [0x0044D633+1168947]
	Ordinal0 [0x00465B35+1268533]
	BaseThreadInitThunk [0x77216359+25]
	RtlGetAppContainerNamedObjectPath [0x77B17C24+228]
	RtlGetAppContainerNamedObjectPath [0x77B17BF4+180]

	at sun.reflect.NativeConstructorAccessorImpl.newInstance0(Native Method)
	at sun.reflect.NativeConstructorAccessorImpl.newInstance(NativeConstructorAccessorImpl.java:62)
	at sun.reflect.DelegatingConstructorAccessorImpl.newInstance(DelegatingConstructorAccessorImpl.java:45)
	at java.lang.reflect.Constructor.newInstance(Constructor.java:423)
	at org.openqa.selenium.remote.W3CHandshakeResponse.lambda$new$0(W3CHandshakeResponse.java:57)
	at org.openqa.selenium.remote.W3CHandshakeResponse.lambda$getResponseFunction$2(W3CHandshakeResponse.java:104)
	at org.openqa.selenium.remote.ProtocolHandshake.lambda$createSession$24(ProtocolHandshake.java:359)
	at java.util.stream.ReferencePipeline$3$1.accept(ReferencePipeline.java:193)
	at java.util.Spliterators$ArraySpliterator.tryAdvance(Spliterators.java:958)
	at java.util.stream.ReferencePipeline.forEachWithCancel(ReferencePipeline.java:126)
	at java.util.stream.AbstractPipeline.copyIntoWithCancel(AbstractPipeline.java:498)
	at java.util.stream.AbstractPipeline.copyInto(AbstractPipeline.java:485)
	at java.util.stream.AbstractPipeline.wrapAndCopyInto(AbstractPipeline.java:471)
	at java.util.stream.FindOps$FindOp.evaluateSequential(FindOps.java:152)
	at java.util.stream.AbstractPipeline.evaluate(AbstractPipeline.java:234)
	at java.util.stream.ReferencePipeline.findFirst(ReferencePipeline.java:464)
	at org.openqa.selenium.remote.ProtocolHandshake.createSession(ProtocolHandshake.java:362)
	at org.openqa.selenium.remote.ProtocolHandshake.createSession(ProtocolHandshake.java:136)
	at org.openqa.selenium.remote.HttpCommandExecutor.execute(HttpCommandExecutor.java:142)
	at org.openqa.selenium.remote.service.DriverCommandExecutor.execute(DriverCommandExecutor.java:83)
	at org.openqa.selenium.remote.RemoteWebDriver.execute(RemoteWebDriver.java:586)
	at org.openqa.selenium.remote.RemoteWebDriver.startSession(RemoteWebDriver.java:217)
	at org.openqa.selenium.remote.RemoteWebDriver.<init>(RemoteWebDriver.java:140)
	at org.openqa.selenium.chrome.ChromeDriver.<init>(ChromeDriver.java:181)
	at org.openqa.selenium.chrome.ChromeDriver.<init>(ChromeDriver.java:168)
	at org.openqa.selenium.chrome.ChromeDriver.<init>(ChromeDriver.java:123)
	at com.e_commerce.qa.base.TestBase.intialisation(TestBase.java:98)
	at E_Commerece.onLineShoppingProject.SignUpTest.setup(SignUpTest.java:46)
	at sun.reflect.NativeMethodAccessorImpl.invoke0(Native Method)
	at sun.reflect.NativeMethodAccessorImpl.invoke(NativeMethodAccessorImpl.java:62)
	at sun.reflect.DelegatingMethodAccessorImpl.invoke(DelegatingMethodAccessorImpl.java:43)
	at java.lang.reflect.Method.invoke(Method.java:498)
	at org.testng.internal.MethodInvocationHelper.invokeMethod(MethodInvocationHelper.java:108)
	at org.testng.internal.Invoker.invokeConfigurationMethod(Invoker.java:523)
	at org.testng.internal.Invoker.invokeConfigurations(Invoker.java:224)
	at org.testng.internal.Invoker.invokeMethod(Invoker.java:599)
	at org.testng.internal.Invoker.invokeTestMethod(Invoker.java:869)
	at org.testng.internal.Invoker.invokeTestMethods(Invoker.java:1193)
	at org.testng.internal.TestMethodWorker.invokeTestMethods(TestMethodWorker.java:126)
	at org.testng.internal.TestMethodWorker.run(TestMethodWorker.java:109)
	at org.testng.TestRunner.privateRun(TestRunner.java:744)
	at org.testng.TestRunner.run(TestRunner.java:602)
	at org.testng.SuiteRunner.runTest(SuiteRunner.java:380)
	at org.testng.SuiteRunner.runSequentially(SuiteRunner.java:375)
	at org.testng.SuiteRunner.privateRun(SuiteRunner.java:340)
	at org.testng.SuiteRunner.run(SuiteRunner.java:289)
	at org.testng.SuiteRunnerWorker.runSuite(SuiteRunnerWorker.java:52)
	at org.testng.SuiteRunnerWorker.run(SuiteRunnerWorker.java:86)
	at org.testng.TestNG.runSuitesSequentially(TestNG.java:1301)
	at org.testng.TestNG.runSuitesLocally(TestNG.java:1226)
	at org.testng.TestNG.runSuites(TestNG.java:1144)
	at org.testng.TestNG.run(TestNG.java:1115)
	at org.testng.remote.AbstractRemoteTestNG.run(AbstractRemoteTestNG.java:115)
	at org.testng.remote.RemoteTestNG.initAndRun(RemoteTestNG.java:251)
	at org.testng.remote.RemoteTestNG.main(RemoteTestNG.java:77)
]]>
    </error>
  </testcase> <!-- setup -->
  <testcase name="validateSignUpFormTest" time="0.000" classname="E_Commerece.onLineShoppingProject.SignUpTest">
    <skipped/>
  </testcase> <!-- validateSignUpFormTest -->
  <testcase name="validateSignUpFormTest" time="0.000" classname="E_Commerece.onLineShoppingProject.SignUpTest">
    <skipped/>
  </testcase> <!-- validateSignUpFormTest -->
</testsuite> <!-- E_Commerece.onLineShoppingProject.SignUpTest -->
