<?xml version="1.0" encoding="UTF-8"?>
<!-- Generated by org.testng.reporters.JUnitReportReporter -->
<testsuite skipped="0" hostname="LAPTOP-JVNL5G83" name="E_Commerece.onLineShoppingProject.SignInTest" tests="4" failures="0" timestamp="01 May 2020 03:32:53 GMT" time="73.986" errors="0">
  <testcase name="loginPageTitleTest" time="16.366" classname="E_Commerece.onLineShoppingProject.SignInTest"/>
  <testcase name="clickSignInButtonTest" time="26.730" classname="E_Commerece.onLineShoppingProject.SignInTest"/>
  <testcase name="verifyStoreLogoTest" time="13.918" classname="E_Commerece.onLineShoppingProject.SignInTest"/>
  <testcase name="SubmitTest" time="16.972" classname="E_Commerece.onLineShoppingProject.SignInTest"/>
</testsuite> <!-- E_Commerece.onLineShoppingProject.SignInTest -->
