<?xml version="1.0" encoding="UTF-8"?>
<!-- Generated by org.testng.reporters.JUnitReportReporter -->
<testsuite skipped="0" hostname="LAPTOP-JVNL5G83" name="E_Commerece.onLineShoppingProject.AddToCartTest" tests="2" failures="0" timestamp="11 May 2020 03:58:44 GMT" time="36.323" errors="0">
  <testcase name="clickAddToWishListButtonTest" time="17.569" classname="E_Commerece.onLineShoppingProject.AddToCartTest"/>
  <testcase name="addtoCartTest" time="18.754" classname="E_Commerece.onLineShoppingProject.AddToCartTest"/>
</testsuite> <!-- E_Commerece.onLineShoppingProject.AddToCartTest -->
