<?xml version="1.0" encoding="UTF-8"?>
<!-- Generated by org.testng.reporters.JUnitReportReporter -->
<testsuite skipped="0" hostname="LAPTOP-JVNL5G83" name="E_Commerece.onLineShoppingProject.SignInTest" tests="5" failures="0" timestamp="11 May 2020 04:10:49 GMT" time="70.005" errors="0">
  <testcase name="loginPageTitleTest" time="14.036" classname="E_Commerece.onLineShoppingProject.SignInTest"/>
  <testcase name="loginPageTitleTest" time="12.775" classname="E_Commerece.onLineShoppingProject.SignInTest"/>
  <testcase name="loginPageTitleTest" time="15.615" classname="E_Commerece.onLineShoppingProject.SignInTest"/>
  <testcase name="loginPageTitleTest" time="14.370" classname="E_Commerece.onLineShoppingProject.SignInTest"/>
  <testcase name="loginPageTitleTest" time="13.209" classname="E_Commerece.onLineShoppingProject.SignInTest"/>
</testsuite> <!-- E_Commerece.onLineShoppingProject.SignInTest -->
