<?xml version="1.0" encoding="UTF-8"?>
<!-- Generated by org.testng.reporters.JUnitReportReporter -->
<testsuite skipped="0" hostname="LAPTOP-JVNL5G83" name="E_Commerece.onLineShoppingProject.CheckOutTest" tests="5" failures="0" timestamp="01 May 2020 03:32:53 GMT" time="112.850" errors="0">
  <testcase name="readDressDescriptionTest" time="20.427" classname="E_Commerece.onLineShoppingProject.CheckOutTest"/>
  <testcase name="readContactnoTest" time="23.042" classname="E_Commerece.onLineShoppingProject.CheckOutTest"/>
  <testcase name="readPriceOfDress" time="21.863" classname="E_Commerece.onLineShoppingProject.CheckOutTest"/>
  <testcase name="addMessageTest" time="20.674" classname="E_Commerece.onLineShoppingProject.CheckOutTest"/>
  <testcase name="paymentMethodTest" time="26.844" classname="E_Commerece.onLineShoppingProject.CheckOutTest"/>
</testsuite> <!-- E_Commerece.onLineShoppingProject.CheckOutTest -->
