<?xml version="1.0" encoding="UTF-8"?>
<!-- Generated by org.testng.reporters.JUnitReportReporter -->
<testsuite skipped="0" hostname="LAPTOP-JVNL5G83" name="E_Commerece.onLineShoppingProject.HomePageTest" tests="3" failures="0" timestamp="01 May 2020 03:32:53 GMT" time="60.339" errors="0">
  <testcase name="verifyUserNameTest" time="17.057" classname="E_Commerece.onLineShoppingProject.HomePageTest"/>
  <testcase name="verifyHomeIconTest" time="23.096" classname="E_Commerece.onLineShoppingProject.HomePageTest"/>
  <testcase name="shoppingCartItemsTest" time="20.186" classname="E_Commerece.onLineShoppingProject.HomePageTest"/>
</testsuite> <!-- E_Commerece.onLineShoppingProject.HomePageTest -->
