<?xml version="1.0" encoding="UTF-8"?>
<!-- Generated by org.testng.reporters.JUnitReportReporter -->
<testsuite skipped="0" hostname="LAPTOP-JVNL5G83" name="E_Commerece.onLineShoppingProject.ContactUsTest" tests="1" failures="0" timestamp="11 May 2020 03:58:44 GMT" time="20.798" errors="0">
  <testcase name="fillContactForm" time="20.798" classname="E_Commerece.onLineShoppingProject.ContactUsTest"/>
</testsuite> <!-- E_Commerece.onLineShoppingProject.ContactUsTest -->
