<?xml version="1.0" encoding="UTF-8"?>
<!-- Generated by org.testng.reporters.JUnitReportReporter -->
<testsuite skipped="0" hostname="LAPTOP-JVNL5G83" name="E_Commerece.onLineShoppingProject.AddToCartTest" tests="2" failures="0" timestamp="01 May 2020 03:32:53 GMT" time="42.982" errors="0">
  <testcase name="clickAddToWishListButtonTest" time="20.123" classname="E_Commerece.onLineShoppingProject.AddToCartTest"/>
  <testcase name="addtoCartTest" time="22.859" classname="E_Commerece.onLineShoppingProject.AddToCartTest"/>
</testsuite> <!-- E_Commerece.onLineShoppingProject.AddToCartTest -->
