<?xml version="1.0" encoding="UTF-8"?>
<!-- Generated by org.testng.reporters.JUnitReportReporter -->
<testsuite skipped="0" hostname="LAPTOP-JVNL5G83" name="E_Commerece.onLineShoppingProject.HomePageTest" tests="3" failures="0" timestamp="11 May 2020 03:58:44 GMT" time="50.404" errors="0">
  <testcase name="verifyUserNameTest" time="16.478" classname="E_Commerece.onLineShoppingProject.HomePageTest"/>
  <testcase name="verifyHomeIconTest" time="16.617" classname="E_Commerece.onLineShoppingProject.HomePageTest"/>
  <testcase name="shoppingCartItemsTest" time="17.309" classname="E_Commerece.onLineShoppingProject.HomePageTest"/>
</testsuite> <!-- E_Commerece.onLineShoppingProject.HomePageTest -->
